/Users/jlecour/.rubies/ruby-2.1.4/bin/ruby extconf.rb 
creating Makefile

make "DESTDIR=" clean

make "DESTDIR="
compiling yajl.c
compiling yajl_alloc.c
yajl_alloc.c: In function ‘yajl_internal_malloc’:
yajl_alloc.c:42: warning: unused parameter ‘ctx’
yajl_alloc.c: In function ‘yajl_internal_realloc’:
yajl_alloc.c:47: warning: unused parameter ‘ctx’
yajl_alloc.c: In function ‘yajl_internal_free’:
yajl_alloc.c:53: warning: unused parameter ‘ctx’
compiling yajl_buf.c
compiling yajl_encode.c
compiling yajl_ext.c
yajl_ext.c: In function ‘yajl_check_and_fire_callback’:
yajl_ext.c:42: warning: implicit conversion shortens 64-bit value into a 32-bit value
yajl_ext.c:47: warning: implicit conversion shortens 64-bit value into a 32-bit value
yajl_ext.c: In function ‘yajl_set_static_value’:
yajl_ext.c:64: warning: implicit conversion shortens 64-bit value into a 32-bit value
yajl_ext.c: In function ‘yajl_encode_part’:
yajl_ext.c:176: warning: implicit conversion shortens 64-bit value into a 32-bit value
yajl_ext.c:184: warning: implicit conversion shortens 64-bit value into a 32-bit value
yajl_ext.c:192: warning: implicit conversion shortens 64-bit value into a 32-bit value
yajl_ext.c:198: warning: implicit conversion shortens 64-bit value into a 32-bit value
yajl_ext.c: In function ‘yajl_found_hash_key’:
yajl_ext.c:291: warning: ISO C90 forbids mixed declarations and code
yajl_ext.c: In function ‘rb_yajl_parser_init’:
yajl_ext.c:416: warning: unused parameter ‘argc’
yajl_ext.c:416: warning: unused parameter ‘argv’
yajl_ext.c: In function ‘rb_yajl_parser_parse’:
yajl_ext.c:463: warning: implicit conversion shortens 64-bit value into a 32-bit value
yajl_ext.c:469: warning: implicit conversion shortens 64-bit value into a 32-bit value
yajl_ext.c: In function ‘rb_yajl_parser_parse_chunk’:
yajl_ext.c:509: warning: implicit conversion shortens 64-bit value into a 32-bit value
yajl_ext.c: In function ‘rb_yajl_encoder_init’:
yajl_ext.c:625: warning: unused parameter ‘argc’
yajl_ext.c:625: warning: unused parameter ‘argv’
yajl_ext.c: In function ‘rb_yajl_encoder_enable_json_gem_ext’:
yajl_ext.c:849: warning: unused parameter ‘klass’
compiling yajl_gen.c
compiling yajl_lex.c
compiling yajl_parser.c
yajl_parser.c: In function ‘yajl_render_error_string’:
yajl_parser.c:70: warning: implicit conversion shortens 64-bit value into a 32-bit value
yajl_parser.c:71: warning: implicit conversion shortens 64-bit value into a 32-bit value
yajl_parser.c:73: warning: implicit conversion shortens 64-bit value into a 32-bit value
yajl_parser.c:74: warning: implicit conversion shortens 64-bit value into a 32-bit value
compiling yajl_version.c
linking shared-object yajl/yajl.bundle

make "DESTDIR=" install
/usr/bin/install -c -m 0755 yajl.bundle ./.gem.20141106-6831-zb1gpa/yajl
installing default yajl libraries
