/Users/jlecour/.rubies/ruby-2.1.4/bin/ruby extconf.rb 
checking for ffi.h... no
checking for ffi.h in /usr/local/include,/usr/include/ffi... yes
checking for ffi_call() in -lffi... yes
checking for ffi_prep_closure()... yes
checking for ffi_raw_call()... no
checking for rb_thread_blocking_region()... yes
checking for rb_thread_call_with_gvl()... yes
checking for rb_thread_call_without_gvl()... yes
checking for ffi_prep_cif_var()... no
creating extconf.h
creating Makefile

make "DESTDIR=" clean

make "DESTDIR="
compiling AbstractMemory.c
couldn't understand kern.osversion `14.0.0'
compiling ArrayType.c
couldn't understand kern.osversion `14.0.0'
compiling Buffer.c
couldn't understand kern.osversion `14.0.0'
compiling Call.c
couldn't understand kern.osversion `14.0.0'
compiling ClosurePool.c
couldn't understand kern.osversion `14.0.0'
compiling DataConverter.c
couldn't understand kern.osversion `14.0.0'
compiling DynamicLibrary.c
couldn't understand kern.osversion `14.0.0'
compiling ffi.c
couldn't understand kern.osversion `14.0.0'
compiling Function.c
couldn't understand kern.osversion `14.0.0'
compiling FunctionInfo.c
couldn't understand kern.osversion `14.0.0'
compiling LastError.c
couldn't understand kern.osversion `14.0.0'
compiling LongDouble.c
couldn't understand kern.osversion `14.0.0'
compiling MappedType.c
couldn't understand kern.osversion `14.0.0'
compiling MemoryPointer.c
couldn't understand kern.osversion `14.0.0'
compiling MethodHandle.c
couldn't understand kern.osversion `14.0.0'
compiling Platform.c
couldn't understand kern.osversion `14.0.0'
compiling Pointer.c
couldn't understand kern.osversion `14.0.0'
compiling Struct.c
couldn't understand kern.osversion `14.0.0'
compiling StructByReference.c
couldn't understand kern.osversion `14.0.0'
compiling StructByValue.c
couldn't understand kern.osversion `14.0.0'
compiling StructLayout.c
couldn't understand kern.osversion `14.0.0'
compiling Thread.c
couldn't understand kern.osversion `14.0.0'
compiling Type.c
couldn't understand kern.osversion `14.0.0'
compiling Types.c
couldn't understand kern.osversion `14.0.0'
compiling Variadic.c
couldn't understand kern.osversion `14.0.0'
linking shared-object ffi_c.bundle
couldn't understand kern.osversion `14.0.0'

make "DESTDIR=" install
/usr/bin/install -c -m 0755 ffi_c.bundle ./.gem.20141230-16790-iqrn02
installing default ffi_c libraries
