have_library: checking for main() in -lc... -------------------- yes

"/usr/local/bin/gcc-4.2 -o conftest -I/Users/jlecour/.rubies/ruby-2.1.1/include/ruby-2.1.0/x86_64-darwin12.0 -I/Users/jlecour/.rubies/ruby-2.1.1/include/ruby-2.1.0/ruby/backward -I/Users/jlecour/.rubies/ruby-2.1.1/include/ruby-2.1.0 -I.  -I/usr/local/opt/openssl/include -I/usr/local/opt/readline/include -I/usr/local/opt/libyaml/include -I/usr/local/opt/gdbm/include -I/usr/local/opt/libffi/include -D_XOPEN_SOURCE -D_DARWIN_C_SOURCE -D_DARWIN_UNLIMITED_SELECT -D_REENTRANT    -O3 -fno-fast-math -ggdb3 -Wall -Wextra -Wno-unused-parameter -Wno-parentheses -Wno-long-long -Wno-missing-field-initializers -Wunused-variable -Wpointer-arith -Wwrite-strings -Wdeclaration-after-statement -Wshorten-64-to-32 -Wimplicit-function-declaration -Wextra-tokens  -pipe -O0 -Wall  conftest.c  -L. -L/Users/jlecour/.rubies/ruby-2.1.1/lib -L/usr/local/opt/openssl/lib -L/usr/local/opt/readline/lib -L/usr/local/opt/libyaml/lib -L/usr/local/opt/gdbm/lib -L/usr/local/opt/libffi/lib -L. -fstack-protector -L/usr/local/opt/openssl/lib -L/usr/local/opt/readline/lib -L/usr/local/opt/libyaml/lib -L/usr/local/opt/gdbm/lib -L/usr/local/opt/libffi/lib      -lruby-static -framework CoreFoundation  -lpthread -ldl -lobjc "
conftest.c:3: warning: unused parameter ‘argc’
conftest.c:3: warning: unused parameter ‘argv’
checked program was:
/* begin */
1: #include "ruby.h"
2: 
3: int main(int argc, char **argv)
4: {
5:   return 0;
6: }
/* end */

"/usr/local/bin/gcc-4.2 -o conftest -I/Users/jlecour/.rubies/ruby-2.1.1/include/ruby-2.1.0/x86_64-darwin12.0 -I/Users/jlecour/.rubies/ruby-2.1.1/include/ruby-2.1.0/ruby/backward -I/Users/jlecour/.rubies/ruby-2.1.1/include/ruby-2.1.0 -I.  -I/usr/local/opt/openssl/include -I/usr/local/opt/readline/include -I/usr/local/opt/libyaml/include -I/usr/local/opt/gdbm/include -I/usr/local/opt/libffi/include -D_XOPEN_SOURCE -D_DARWIN_C_SOURCE -D_DARWIN_UNLIMITED_SELECT -D_REENTRANT    -O3 -fno-fast-math -ggdb3 -Wall -Wextra -Wno-unused-parameter -Wno-parentheses -Wno-long-long -Wno-missing-field-initializers -Wunused-variable -Wpointer-arith -Wwrite-strings -Wdeclaration-after-statement -Wshorten-64-to-32 -Wimplicit-function-declaration -Wextra-tokens  -pipe -O0 -Wall  conftest.c  -L. -L/Users/jlecour/.rubies/ruby-2.1.1/lib -L/usr/local/opt/openssl/lib -L/usr/local/opt/readline/lib -L/usr/local/opt/libyaml/lib -L/usr/local/opt/gdbm/lib -L/usr/local/opt/libffi/lib -L. -fstack-protector -L/usr/local/opt/openssl/lib -L/usr/local/opt/readline/lib -L/usr/local/opt/libyaml/lib -L/usr/local/opt/gdbm/lib -L/usr/local/opt/libffi/lib      -lruby-static -framework CoreFoundation -lc  -lpthread -ldl -lobjc "
conftest.c:5: warning: unused parameter ‘argv’
checked program was:
/* begin */
 1: #include "ruby.h"
 2: 
 3: /*top*/
 4: extern int t(void);
 5: int main(int argc, char **argv)
 6: {
 7:   if (argc > 1000000) {
 8:     printf("%p", &t);
 9:   }
10: 
11:   return 0;
12: }
13: int t(void) { void ((*volatile p)()); p = (void ((*)()))main; return 0; }
/* end */

--------------------

