/Users/jlecour/.rubies/ruby-2.1.1/bin/ruby extconf.rb 
creating Makefile

make "DESTDIR=" clean

make "DESTDIR="
compiling posix-spawn.c
In file included from /Users/jlecour/.rubies/ruby-2.1.1/include/ruby-2.1.0/ruby/ruby.h:24,
                 from /Users/jlecour/.rubies/ruby-2.1.1/include/ruby-2.1.0/ruby.h:33,
                 from posix-spawn.c:14:
/Users/jlecour/.rubies/ruby-2.1.1/include/ruby-2.1.0/x86_64-darwin12.0/ruby/config.h:17:1: warning: "_GNU_SOURCE" redefined
posix-spawn.c:3:1: warning: this is the location of the previous definition
posix-spawn.c: In function ‘each_env_check_i’:
posix-spawn.c:253: warning: unused parameter ‘arg’
posix-spawn.c: In function ‘rb_posixspawn_pspawn’:
posix-spawn.c:341: warning: ISO C90 forbids mixed declarations and code
posix-spawn.c:381: warning: ISO C90 forbids mixed declarations and code
posix-spawn.c:320: warning: unused parameter ‘self’
linking shared-object posix_spawn_ext.bundle

make "DESTDIR=" install
/usr/bin/install -c -m 0755 posix_spawn_ext.bundle ./.gem.20140408-56545-151aaw3
installing default posix_spawn_ext libraries
