/Users/jlecour/.rubies/ruby-2.1.4/bin/ruby extconf.rb 
creating Makefile

make "DESTDIR=" clean

make "DESTDIR="
compiling porter.c
couldn't understand kern.osversion `14.0.0'
porter.c: In function ‘step1ab’:
porter.c:233: warning: passing argument 2 of ‘ends’ discards qualifiers from pointer target type
porter.c:234: warning: passing argument 2 of ‘ends’ discards qualifiers from pointer target type
porter.c:234: warning: passing argument 2 of ‘setto’ discards qualifiers from pointer target type
porter.c:237: warning: passing argument 2 of ‘ends’ discards qualifiers from pointer target type
porter.c:238: warning: passing argument 2 of ‘ends’ discards qualifiers from pointer target type
porter.c:238: warning: passing argument 2 of ‘ends’ discards qualifiers from pointer target type
porter.c:240: warning: passing argument 2 of ‘ends’ discards qualifiers from pointer target type
porter.c:240: warning: passing argument 2 of ‘setto’ discards qualifiers from pointer target type
porter.c:241: warning: passing argument 2 of ‘ends’ discards qualifiers from pointer target type
porter.c:241: warning: passing argument 2 of ‘setto’ discards qualifiers from pointer target type
porter.c:242: warning: passing argument 2 of ‘ends’ discards qualifiers from pointer target type
porter.c:242: warning: passing argument 2 of ‘setto’ discards qualifiers from pointer target type
porter.c:249: warning: passing argument 2 of ‘setto’ discards qualifiers from pointer target type
porter.c: In function ‘step1c’:
porter.c:257: warning: passing argument 2 of ‘ends’ discards qualifiers from pointer target type
porter.c: In function ‘step2’:
porter.c:267: warning: passing argument 2 of ‘ends’ discards qualifiers from pointer target type
porter.c:267: warning: passing argument 2 of ‘r’ discards qualifiers from pointer target type
porter.c:268: warning: passing argument 2 of ‘ends’ discards qualifiers from pointer target type
porter.c:268: warning: passing argument 2 of ‘r’ discards qualifiers from pointer target type
porter.c:270: warning: passing argument 2 of ‘ends’ discards qualifiers from pointer target type
porter.c:270: warning: passing argument 2 of ‘r’ discards qualifiers from pointer target type
porter.c:271: warning: passing argument 2 of ‘ends’ discards qualifiers from pointer target type
porter.c:271: warning: passing argument 2 of ‘r’ discards qualifiers from pointer target type
porter.c:273: warning: passing argument 2 of ‘ends’ discards qualifiers from pointer target type
porter.c:273: warning: passing argument 2 of ‘r’ discards qualifiers from pointer target type
porter.c:275: warning: passing argument 2 of ‘ends’ discards qualifiers from pointer target type
porter.c:275: warning: passing argument 2 of ‘r’ discards qualifiers from pointer target type
porter.c:280: warning: passing argument 2 of ‘ends’ discards qualifiers from pointer target type
porter.c:280: warning: passing argument 2 of ‘r’ discards qualifiers from pointer target type
porter.c:281: warning: passing argument 2 of ‘ends’ discards qualifiers from pointer target type
porter.c:281: warning: passing argument 2 of ‘r’ discards qualifiers from pointer target type
porter.c:282: warning: passing argument 2 of ‘ends’ discards qualifiers from pointer target type
porter.c:282: warning: passing argument 2 of ‘r’ discards qualifiers from pointer target type
porter.c:283: warning: passing argument 2 of ‘ends’ discards qualifiers from pointer target type
porter.c:283: warning: passing argument 2 of ‘r’ discards qualifiers from pointer target type
porter.c:285: warning: passing argument 2 of ‘ends’ discards qualifiers from pointer target type
porter.c:285: warning: passing argument 2 of ‘r’ discards qualifiers from pointer target type
porter.c:286: warning: passing argument 2 of ‘ends’ discards qualifiers from pointer target type
porter.c:286: warning: passing argument 2 of ‘r’ discards qualifiers from pointer target type
porter.c:287: warning: passing argument 2 of ‘ends’ discards qualifiers from pointer target type
porter.c:287: warning: passing argument 2 of ‘r’ discards qualifiers from pointer target type
porter.c:289: warning: passing argument 2 of ‘ends’ discards qualifiers from pointer target type
porter.c:289: warning: passing argument 2 of ‘r’ discards qualifiers from pointer target type
porter.c:290: warning: passing argument 2 of ‘ends’ discards qualifiers from pointer target type
porter.c:290: warning: passing argument 2 of ‘r’ discards qualifiers from pointer target type
porter.c:291: warning: passing argument 2 of ‘ends’ discards qualifiers from pointer target type
porter.c:291: warning: passing argument 2 of ‘r’ discards qualifiers from pointer target type
porter.c:292: warning: passing argument 2 of ‘ends’ discards qualifiers from pointer target type
porter.c:292: warning: passing argument 2 of ‘r’ discards qualifiers from pointer target type
porter.c:294: warning: passing argument 2 of ‘ends’ discards qualifiers from pointer target type
porter.c:294: warning: passing argument 2 of ‘r’ discards qualifiers from pointer target type
porter.c:295: warning: passing argument 2 of ‘ends’ discards qualifiers from pointer target type
porter.c:295: warning: passing argument 2 of ‘r’ discards qualifiers from pointer target type
porter.c:296: warning: passing argument 2 of ‘ends’ discards qualifiers from pointer target type
porter.c:296: warning: passing argument 2 of ‘r’ discards qualifiers from pointer target type
porter.c:298: warning: passing argument 2 of ‘ends’ discards qualifiers from pointer target type
porter.c:298: warning: passing argument 2 of ‘r’ discards qualifiers from pointer target type
porter.c: In function ‘step3’:
porter.c:308: warning: passing argument 2 of ‘ends’ discards qualifiers from pointer target type
porter.c:308: warning: passing argument 2 of ‘r’ discards qualifiers from pointer target type
porter.c:309: warning: passing argument 2 of ‘ends’ discards qualifiers from pointer target type
porter.c:309: warning: passing argument 2 of ‘r’ discards qualifiers from pointer target type
porter.c:310: warning: passing argument 2 of ‘ends’ discards qualifiers from pointer target type
porter.c:310: warning: passing argument 2 of ‘r’ discards qualifiers from pointer target type
porter.c:312: warning: passing argument 2 of ‘ends’ discards qualifiers from pointer target type
porter.c:312: warning: passing argument 2 of ‘r’ discards qualifiers from pointer target type
porter.c:314: warning: passing argument 2 of ‘ends’ discards qualifiers from pointer target type
porter.c:314: warning: passing argument 2 of ‘r’ discards qualifiers from pointer target type
porter.c:315: warning: passing argument 2 of ‘ends’ discards qualifiers from pointer target type
porter.c:315: warning: passing argument 2 of ‘r’ discards qualifiers from pointer target type
porter.c:317: warning: passing argument 2 of ‘ends’ discards qualifiers from pointer target type
porter.c:317: warning: passing argument 2 of ‘r’ discards qualifiers from pointer target type
porter.c: In function ‘step4’:
porter.c:325: warning: passing argument 2 of ‘ends’ discards qualifiers from pointer target type
porter.c:326: warning: passing argument 2 of ‘ends’ discards qualifiers from pointer target type
porter.c:327: warning: passing argument 2 of ‘ends’ discards qualifiers from pointer target type
porter.c:328: warning: passing argument 2 of ‘ends’ discards qualifiers from pointer target type
porter.c:329: warning: passing argument 2 of ‘ends’ discards qualifiers from pointer target type
porter.c:330: warning: passing argument 2 of ‘ends’ discards qualifiers from pointer target type
porter.c:331: warning: passing argument 2 of ‘ends’ discards qualifiers from pointer target type
porter.c:332: warning: passing argument 2 of ‘ends’ discards qualifiers from pointer target type
porter.c:333: warning: passing argument 2 of ‘ends’ discards qualifiers from pointer target type
porter.c:334: warning: passing argument 2 of ‘ends’ discards qualifiers from pointer target type
porter.c:335: warning: passing argument 2 of ‘ends’ discards qualifiers from pointer target type
porter.c:336: warning: passing argument 2 of ‘ends’ discards qualifiers from pointer target type
porter.c:337: warning: passing argument 2 of ‘ends’ discards qualifiers from pointer target type
porter.c:339: warning: passing argument 2 of ‘ends’ discards qualifiers from pointer target type
porter.c:340: warning: passing argument 2 of ‘ends’ discards qualifiers from pointer target type
porter.c:341: warning: passing argument 2 of ‘ends’ discards qualifiers from pointer target type
porter.c:342: warning: passing argument 2 of ‘ends’ discards qualifiers from pointer target type
porter.c:343: warning: passing argument 2 of ‘ends’ discards qualifiers from pointer target type
porter.c:344: warning: passing argument 2 of ‘ends’ discards qualifiers from pointer target type
compiling porter_wrap.c
couldn't understand kern.osversion `14.0.0'
porter_wrap.c: In function ‘stem_word’:
porter_wrap.c:30: warning: implicit conversion shortens 64-bit value into a 32-bit value
porter_wrap.c:20: warning: unused variable ‘i’
linking shared-object stemmer.bundle
couldn't understand kern.osversion `14.0.0'

make "DESTDIR=" install
/usr/bin/install -c -m 0755 stemmer.bundle ./.gem.20141230-16790-1k99wkl
installing default stemmer libraries
